{
  "RSpec": {
    "coverage": {
      "/home/elvia/decidim_colabs/app/helpers/application_helper.rb": {
        "lines": [
          1,
          null
        ]
      },
      "/home/elvia/decidim_colabs/app/controllers/decidim_controller.rb": {
        "lines": [
          null,
          null,
          null,
          1,
          null
        ]
      },
      "/home/elvia/decidim_colabs/app/controllers/application_controller.rb": {
        "lines": [
          1,
          null
        ]
      },
      "/home/elvia/decidim_colabs/app/channels/application_cable/channel.rb": {
        "lines": [
          0,
          0,
          0,
          0
        ],
        "branches": {
        }
      },
      "/home/elvia/decidim_colabs/app/channels/application_cable/connection.rb": {
        "lines": [
          0,
          0,
          0,
          0
        ],
        "branches": {
        }
      },
      "/home/elvia/decidim_colabs/app/jobs/application_job.rb": {
        "lines": [
          0,
          null,
          null,
          null,
          null,
          null,
          0
        ],
        "branches": {
        }
      },
      "/home/elvia/decidim_colabs/app/jobs/invoke_rake_task_job.rb": {
        "lines": [
          null,
          null,
          0,
          0,
          null,
          0,
          0,
          0,
          0,
          0,
          0
        ],
        "branches": {
        }
      },
      "/home/elvia/decidim_colabs/app/mailers/application_mailer.rb": {
        "lines": [
          0,
          0,
          0,
          0
        ],
        "branches": {
        }
      },
      "/home/elvia/decidim_colabs/app/models/application_record.rb": {
        "lines": [
          0,
          0,
          0
        ],
        "branches": {
        }
      }
    },
    "timestamp": 1716374211
  }
}
